Build started 8/21/2011 12:03:49 AM.
     1>Project "C:\Documents and Settings\Personal\Escritorio\ESC\PROYECTO_COMPILADORES\FECompiler\FECompiler\FECompiler.vcxproj" on node 2 (build target(s)).
     1>InitializeBuildStatus:
         Creating "Debug\FECompiler.unsuccessfulbuild" because "AlwaysCreate" was specified.
       ClCompile:
         All outputs are up-to-date.
         C:\Archivos de programa\Microsoft Visual Studio 10.0\VC\bin\CL.exe /c /ZI /nologo /W3 /WX- /Od /Oy- /D WIN32 /D _DEBUG /D _CONSOLE /D _UNICODE /D UNICODE /Gm /EHsc /RTC1 /MDd /GS /fp:precise /Zc:wchar_t /Zc:forScope /Yu"StdAfx.h" /Fp"Debug\FECompiler.pch" /Fo"Debug\\" /Fd"Debug\vc100.pdb" /Gd /TP /analyze- /errorReport:prompt FECompiler.cpp
         FECompiler.cpp
     1>c:\documents and settings\personal\escritorio\esc\proyecto_compiladores\fecompiler\fecompiler\lexico.h(138): warning C4018: '<' : signed/unsigned mismatch
     1>c:\documents and settings\personal\escritorio\esc\proyecto_compiladores\fecompiler\fecompiler\matriz_esparza.h(183): warning C4172: returning address of local variable or temporary
                 c:\documents and settings\personal\escritorio\esc\proyecto_compiladores\fecompiler\fecompiler\matriz_esparza.h(174) : while compiling class template member function 'int &Matriz<T>::getDato(int,int,bool &)'
                 with
                 [
                     T=int
                 ]
                 c:\documents and settings\personal\escritorio\esc\proyecto_compiladores\fecompiler\fecompiler\lexico.h(32) : see reference to class template instantiation 'Matriz<T>' being compiled
                 with
                 [
                     T=int
                 ]
       ManifestResourceCompile:
         All outputs are up-to-date.
       Link:
         C:\Archivos de programa\Microsoft Visual Studio 10.0\VC\bin\link.exe /ERRORREPORT:PROMPT /OUT:"C:\Documents and Settings\Personal\Escritorio\ESC\PROYECTO_COMPILADORES\FECompiler\Debug\FECompiler.exe" /INCREMENTAL /NOLOGO kernel32.lib user32.lib gdi32.lib winspool.lib comdlg32.lib advapi32.lib shell32.lib ole32.lib oleaut32.lib uuid.lib odbc32.lib odbccp32.lib /MANIFEST /ManifestFile:"Debug\FECompiler.exe.intermediate.manifest" /MANIFESTUAC:"level='asInvoker' uiAccess='false'" /DEBUG /PDB:"C:\Documents and Settings\Personal\Escritorio\ESC\PROYECTO_COMPILADORES\FECompiler\Debug\FECompiler.pdb" /SUBSYSTEM:CONSOLE /TLBID:1 /DYNAMICBASE /NXCOMPAT /IMPLIB:"C:\Documents and Settings\Personal\Escritorio\ESC\PROYECTO_COMPILADORES\FECompiler\Debug\FECompiler.lib" /MACHINE:X86 Debug\FECompiler.exe.embed.manifest.res
         Debug\FECompiler.obj
         Debug\stdafx.obj
       Manifest:
         C:\Archivos de programa\Microsoft SDKs\Windows\v7.0A\bin\mt.exe /nologo /verbose /out:"Debug\FECompiler.exe.embed.manifest" /manifest Debug\FECompiler.exe.intermediate.manifest
         All outputs are up-to-date.
       LinkEmbedManifest:
         All outputs are up-to-date.
         FECompiler.vcxproj -> C:\Documents and Settings\Personal\Escritorio\ESC\PROYECTO_COMPILADORES\FECompiler\Debug\FECompiler.exe
       FinalizeBuildStatus:
         Deleting file "Debug\FECompiler.unsuccessfulbuild".
         Touching "Debug\FECompiler.lastbuildstate".
     1>Done Building Project "C:\Documents and Settings\Personal\Escritorio\ESC\PROYECTO_COMPILADORES\FECompiler\FECompiler\FECompiler.vcxproj" (build target(s)).

Build succeeded.

Time Elapsed 00:00:02.03
